INFO:root:Database : PBJobDB20200110171526 connected
INFO:root:Database : PBJobDB20200110171705 connected
INFO:root:Database : PBJobDB20200110172226 connected
INFO:root:Database : PBJobDB20200110172731 connected
INFO:root:Database : PBJobDB20200110173006 connected
INFO:root:Database : PBJobDB20200110173249 connected
INFO:root:Database : PBJobDB20200110173549 connected
INFO:root:Database : PBJobDB20200110173753 connected
INFO:root:Database : PBJobDB20200110173913 connected
INFO:root:Database : PBJobDB20200110174053 connected
INFO:root:Database : PBJobDB20200110211406 connected
INFO:root:Database : PBJobDB20200110212141 connected
INFO:root:Database : PBJobDB20200110212301 connected
INFO:root:Database : PBJobDB20200110212911 connected
INFO:root:Database : PBJobDB20200110213016 connected
INFO:root:Database : PBJobDB20200110213415 connected
DEBUG:root:('42000', '[42000] [Microsoft][SQL Server Native Client 10.0][SQL Server]Unable to open the physical file "D:\\Jobs\\246728_TXSU_Chemistry_Bldg_Reno\\MDT\\JobDB.mdf". Operating system error 32: "32(The process cannot access the file because it is being used by another process.)". (5120) (SQLExecDirectW)')
DEBUG:root:('42000', '[42000] [Microsoft][SQL Server Native Client 10.0][SQL Server]Unable to open the physical file "D:\\Jobs\\246728_TXSU_Chemistry_Bldg_Reno\\MDT\\JobDB.mdf". Operating system error 32: "32(The process cannot access the file because it is being used by another process.)". (5120) (SQLExecDirectW)')
INFO:root:Database : PBJobDB20200110214509 connected
INFO:root:Database : PBJobDB20200110214916 connected
DEBUG:root:('42000', '[42000] [Microsoft][SQL Server Native Client 10.0][SQL Server]Unable to open the physical file "D:\\Jobs\\246728_TXSU_Chemistry_Bldg_Reno\\MDT\\JobDB.mdf". Operating system error 32: "32(The process cannot access the file because it is being used by another process.)". (5120) (SQLExecDirectW)')
INFO:root:Database : PBJobDB20200110215227 connected
INFO:root:Database : PBJobDB20200110215612 connected
INFO:root:Database : PBJobDB20200110220052 connected
INFO:root:Database : PBJobDB connected
INFO:root:Database : PBJobDB20200110220259 connected
INFO:root:Database name: PBJobDB20200110220259 is already connected. It will be disconnected to prevent errors
INFO:root:Database PBJobDB20200110220259 removed
INFO:root:Database : PBJobDB20200110220259 connected
DEBUG:root:('42000', '[42000] [Microsoft][SQL Server Native Client 10.0][SQL Server]Unable to open the physical file "D:\\Jobs\\246728_TXSU_Chemistry_Bldg_Reno\\MDT\\JobDB.mdf". Operating system error 32: "32(The process cannot access the file because it is being used by another process.)". (5120) (SQLExecDirectW)')
DEBUG:root:('42000', '[42000] [Microsoft][SQL Server Native Client 10.0][SQL Server]Unable to open the physical file "D:\\Jobs\\246728_TXSU_Chemistry_Bldg_Reno\\MDT\\JobDB.mdf". Operating system error 32: "32(The process cannot access the file because it is being used by another process.)". (5120) (SQLExecDirectW)')
DEBUG:root:'SQLHandling' object has no attribute 'check_file_used'
DEBUG:root:local variable 'existing_database_name' referenced before assignment
INFO:root:Database : PBJobDB connected
DEBUG:root:('42000', "[42000] [Microsoft][SQL Server Native Client 10.0][SQL Server]Database 'PBJobDB' already exists. Choose a different database name. (1801) (SQLExecDirectW)")
DEBUG:root:('42000', "[42000] [Microsoft][SQL Server Native Client 10.0][SQL Server]Database 'PBJobDB' already exists. Choose a different database name. (1801) (SQLExecDirectW)")
INFO:root:Database name: PBJobDB is already in use. A new name PBJobDB20200111130658 will be used
INFO:root:Database : PBJobDB20200111130658 connected
INFO:root:Database name: PBJobDB is already in use. A new name PBJobDB20200111131132 will be used
DEBUG:root:('42000', '[42000] [Microsoft][SQL Server Native Client 10.0][SQL Server]Unable to open the physical file "C:\\Users\\z003vrzk\\.spyder-py3\\Scripts\\Work\\PanelBuilder\\SQLTest\\JobDB.mdf". Operating system error 2: "2(The system cannot find the file specified.)". (5120) (SQLExecDirectW)')
INFO:root:File name: D:\Jobs\246728_TXSU_Chemistry_Bldg_Reno\MDT\JobDB.mdf is already in use. Connect to existingdatabase instead
DEBUG:root:('42000', '[42000] [Microsoft][SQL Server Native Client 10.0][SQL Server]Unable to open the physical file "C:\\Users\\z003vrzk\\.spyder-py3\\Scripts\\Work\\PanelBuilder\\SQLTest\\JobDB.mdf". Operating system error 2: "2(The system cannot find the file specified.)". (5120) (SQLExecDirectW)')
INFO:root:Database : PBJobDB connected
INFO:root:Execution failed on sql 'select top(10) *
from PBJobDB': ('42S02', "[42S02] [Microsoft][SQL Server Native Client 10.0][SQL Server]Invalid object name 'PBJobDB'. (208) (SQLExecDirectW)")
INFO:root:File name: D:\Jobs\246728_TXSU_Chemistry_Bldg_Reno\MDT\JobDB.mdf is already in use. Connect to existingdatabase instead
INFO:root:File name: D:\Jobs\246728_TXSU_Chemistry_Bldg_Reno\MDT\JobDB.mdf is already in use. Connect to existingdatabase instead
INFO:root:File name: D:\Jobs\246728_TXSU_Chemistry_Bldg_Reno\MDT\JobDB.mdf is already in use. Connect to existingdatabase instead
INFO:root:File name: D:\Jobs\246728_TXSU_Chemistry_Bldg_Reno\MDT\JobDB.mdf is already in use. Connect to existingdatabase instead
INFO:root:File name: D:\Jobs\246728_TXSU_Chemistry_Bldg_Reno\MDT\JobDB.mdf is already in use. Connect to existingdatabase instead
INFO:root:File name: D:\Jobs\246728_TXSU_Chemistry_Bldg_Reno\MDT\JobDB.mdf is already in use. Connect to existingdatabase instead
INFO:root:File name: D:\Jobs\246728_TXSU_Chemistry_Bldg_Reno\MDT\JobDB.mdf is already in use. Connect to existingdatabase instead
INFO:root:File name: D:\Jobs\246728_TXSU_Chemistry_Bldg_Reno\MDT\JobDB.mdf is already in use. Connect to existingdatabase instead
INFO:root:File name: D:\Jobs\246728_TXSU_Chemistry_Bldg_Reno\MDT\JobDB.mdf is already in use. Connect to existingdatabase instead
INFO:root:File name: D:\Jobs\246728_TXSU_Chemistry_Bldg_Reno\MDT\JobDB.mdf is already in use. Connect to existingdatabase instead
INFO:root:File name: D:\Jobs\246728_TXSU_Chemistry_Bldg_Reno\MDT\JobDB.mdf is already in use. Connect to existingdatabase instead
INFO:root:File name: D:\Jobs\246728_TXSU_Chemistry_Bldg_Reno\MDT\JobDB.mdf is already in use. Connect to existingdatabase instead
INFO:root:File name: D:\Jobs\246728_TXSU_Chemistry_Bldg_Reno\MDT\JobDB.mdf is already in use. Connect to existingdatabase instead
INFO:root:File name: D:\Jobs\246728_TXSU_Chemistry_Bldg_Reno\MDT\JobDB.mdf is already in use. Connect to existingdatabase instead
INFO:root:File name: D:\Jobs\246728_TXSU_Chemistry_Bldg_Reno\MDT\JobDB.mdf is already in use. Connect to existingdatabase instead
INFO:root:File name: D:\Jobs\246728_TXSU_Chemistry_Bldg_Reno\MDT\JobDB.mdf is already in use. Connect to existingdatabase instead
INFO:root:File name: D:\Jobs\246728_TXSU_Chemistry_Bldg_Reno\MDT\JobDB.mdf is already in use. Connect to existingdatabase instead
INFO:root:File name: D:\Jobs\246728_TXSU_Chemistry_Bldg_Reno\MDT\JobDB.mdf is already in use. Connect to existingdatabase instead
INFO:root:File name: D:\Jobs\246728_TXSU_Chemistry_Bldg_Reno\MDT\JobDB.mdf is already in use. Connect to existingdatabase instead
INFO:root:File name: D:\Jobs\246728_TXSU_Chemistry_Bldg_Reno\MDT\JobDB.mdf is already in use. Connect to existingdatabase instead
INFO:root:Database name: PBJobDB is already in use. A new name PBJobDB20200111175416 will be used
INFO:root:Database : PBJobDB20200111175416 connected
INFO:root:File name: D:\Jobs\245597_BAU_TFC_JHW_DM\Design Tool\MDT\JobDB.mdf is already in use. Connect to existingdatabase instead
INFO:root:File name: D:\Jobs\246728_TXSU_Chemistry_Bldg_Reno\MDT\JobDB.mdf is already in use. Connect to existingdatabase instead
INFO:root:File name: D:\Jobs\245597_BAU_TFC_JHW_DM\Design Tool\MDT\JobDB.mdf is already in use. Connect to existingdatabase instead
INFO:root:File name: D:\Jobs\245597_BAU_TFC_JHW_DM\Design Tool\MDT\JobDB.mdf is already in use. Connect to existingdatabase instead
INFO:root:File name: D:\Jobs\246728_TXSU_Chemistry_Bldg_Reno\MDT\JobDB.mdf is already in use. Connect to existingdatabase instead
INFO:root:File name: D:\Jobs\246728_TXSU_Chemistry_Bldg_Reno\MDT\JobDB.mdf is already in use. Connect to existingdatabase instead
INFO:root:File name: D:\Jobs\246728_TXSU_Chemistry_Bldg_Reno\MDT\JobDB.mdf is already in use. Connect to existingdatabase instead
INFO:root:File name: D:\Jobs\246728_TXSU_Chemistry_Bldg_Reno\MDT\JobDB.mdf is already in use. Connect to existingdatabase instead
INFO:root:File name: D:\Jobs\246728_TXSU_Chemistry_Bldg_Reno\MDT\JobDB.mdf is already in use. Connect to existingdatabase instead
INFO:root:File name: D:\Jobs\245597_BAU_TFC_JHW_DM\Design Tool\MDT\JobDB.mdf is already in use. Connect to existingdatabase instead
INFO:root:File name: D:\Jobs\246728_TXSU_Chemistry_Bldg_Reno\MDT\JobDB.mdf is already in use. Connect to existingdatabase instead
INFO:root:File name: D:\Jobs\246728_TXSU_Chemistry_Bldg_Reno\MDT\JobDB.mdf is already in use. Connect to existingdatabase instead
INFO:root:File name: D:\Jobs\246728_TXSU_Chemistry_Bldg_Reno\MDT\JobDB.mdf is already in use. Connect to existingdatabase instead
INFO:root:File name: D:\Jobs\246728_TXSU_Chemistry_Bldg_Reno\MDT\JobDB.mdf is already in use. Connect to existingdatabase instead
INFO:root:File name: D:\Jobs\246728_TXSU_Chemistry_Bldg_Reno\MDT\JobDB.mdf is already in use. Connect to existingdatabase instead
INFO:root:File name: D:\Jobs\246728_TXSU_Chemistry_Bldg_Reno\MDT\JobDB.mdf is already in use. Connect to existingdatabase instead
INFO:root:File name: D:\Jobs\246728_TXSU_Chemistry_Bldg_Reno\MDT\JobDB.mdf is already in use. Connect to existingdatabase instead
INFO:root:File name: D:\Jobs\246728_TXSU_Chemistry_Bldg_Reno\MDT\JobDB.mdf is already in use. Connect to existingdatabase instead
INFO:root:File name: D:\Jobs\246728_TXSU_Chemistry_Bldg_Reno\MDT\JobDB.mdf is already in use. Connect to existingdatabase instead
INFO:root:File name: D:\Jobs\246728_TXSU_Chemistry_Bldg_Reno\MDT\JobDB.mdf is already in use. Connect to existingdatabase instead
INFO:root:File name: D:\Jobs\246728_TXSU_Chemistry_Bldg_Reno\MDT\JobDB.mdf is already in use. Connect to existingdatabase instead
INFO:root:File name: D:\Jobs\246728_TXSU_Chemistry_Bldg_Reno\MDT\JobDB.mdf is already in use. Connect to existingdatabase instead
INFO:root:File name: D:\Jobs\246728_TXSU_Chemistry_Bldg_Reno\MDT\JobDB.mdf is already in use. Connect to existingdatabase instead
INFO:root:File name: D:\Jobs\246728_TXSU_Chemistry_Bldg_Reno\MDT\JobDB.mdf is already in use. Connect to existingdatabase instead
INFO:root:File name: D:\Jobs\246728_TXSU_Chemistry_Bldg_Reno\MDT\JobDB.mdf is already in use. Connect to existingdatabase instead
INFO:root:File name: D:\Jobs\246728_TXSU_Chemistry_Bldg_Reno\MDT\JobDB.mdf is already in use. Connect to existingdatabase instead
INFO:root:File name: D:\Jobs\246728_TXSU_Chemistry_Bldg_Reno\MDT\JobDB.mdf is already in use. Connect to existingdatabase instead
DEBUG:root:'BOMGenerator' object has no attribute 'unique_systems'
INFO:root:File name: D:\Jobs\246728_TXSU_Chemistry_Bldg_Reno\MDT\JobDB.mdf is already in use. Connect to existingdatabase instead
DEBUG:root:get_unique_systems() takes 1 positional argument but 2 were given
INFO:root:File name: D:\Jobs\246728_TXSU_Chemistry_Bldg_Reno\MDT\JobDB.mdf is already in use. Connect to existingdatabase instead
DEBUG:root:[Errno 2] No such file or directory: 'C:\\Users\\z003vrzk\\.spyder-py3\\Scripts\\Work\\PanelBuilder\\panel_builder_pyqt\\src\\main\\python\\reports\\BOM_Report.xlsx'
2020-02-14 13:25:38,921 Database : PBJobDB connected
2020-03-26 15:45:15,014 Database : PBJobDB connected
2020-03-26 15:45:34,430 File name: C:\Users\z003vrzk\.spyder-py3\Scripts\Work\PanelBuilder\panel-builder\SQLTest\JHW\JobDB.mdf is already in use. Connect to existingdatabase instead
2020-03-26 15:46:21,299 File name: C:\Users\z003vrzk\.spyder-py3\Scripts\Work\PanelBuilder\panel-builder\SQLTest\JHW\JobDB.mdf is already in use. Connect to existingdatabase instead
2020-03-26 15:57:05,041 File name: C:\Users\z003vrzk\.spyder-py3\Scripts\Work\PanelBuilder\panel-builder\SQLTest\JHW\JobDB.mdf is already in use. Connect to existingdatabase instead
2020-03-26 18:49:20,883 File name: C:\Users\z003vrzk\.spyder-py3\Scripts\Work\PanelBuilder\panel-builder\SQLTest\JHW\JobDB.mdf is already in use. Connect to existingdatabase instead
2020-03-26 18:49:53,703 File name: C:\Users\z003vrzk\.spyder-py3\Scripts\Work\PanelBuilder\panel-builder\SQLTest\JHW\JobDB.mdf is already in use. Connect to existingdatabase instead
2020-03-26 18:51:19,747 File name: C:\Users\z003vrzk\.spyder-py3\Scripts\Work\PanelBuilder\panel-builder\SQLTest\JHW\JobDB.mdf is already in use. Connect to existingdatabase instead
2020-03-26 18:51:39,291 File name: C:\Users\z003vrzk\.spyder-py3\Scripts\Work\PanelBuilder\panel-builder\SQLTest\JHW\JobDB.mdf is already in use. Connect to existingdatabase instead
2020-03-26 18:52:07,523 File name: C:\Users\z003vrzk\.spyder-py3\Scripts\Work\PanelBuilder\panel-builder\SQLTest\JHW\JobDB.mdf is already in use. Connect to existingdatabase instead
2020-03-26 18:56:29,831 File name: C:\Users\z003vrzk\.spyder-py3\Scripts\Work\PanelBuilder\panel-builder\SQLTest\JHW\JobDB.mdf is already in use. Connect to existingdatabase instead
2020-03-26 18:58:06,514 File name: C:\Users\z003vrzk\.spyder-py3\Scripts\Work\PanelBuilder\panel-builder\SQLTest\JHW\JobDB.mdf is already in use. Connect to existingdatabase instead
2020-03-26 19:00:39,353 File name: C:\Users\z003vrzk\.spyder-py3\Scripts\Work\PanelBuilder\panel-builder\SQLTest\JHW\JobDB.mdf is already in use. Connect to existingdatabase instead
2020-03-26 19:01:20,328 File name: C:\Users\z003vrzk\.spyder-py3\Scripts\Work\PanelBuilder\panel-builder\SQLTest\JHW\JobDB.mdf is already in use. Connect to existingdatabase instead
2020-03-26 19:03:37,278 File name: C:\Users\z003vrzk\.spyder-py3\Scripts\Work\PanelBuilder\panel-builder\SQLTest\JHW\JobDB.mdf is already in use. Connect to existingdatabase instead
2020-03-26 19:08:42,009 File name: C:\Users\z003vrzk\.spyder-py3\Scripts\Work\PanelBuilder\panel-builder\SQLTest\JHW\JobDB.mdf is already in use. Connect to existingdatabase instead
2020-03-26 19:08:48,574 File name: C:\Users\z003vrzk\.spyder-py3\Scripts\Work\PanelBuilder\panel-builder\SQLTest\JHW\JobDB.mdf is already in use. Connect to existingdatabase instead
2020-03-26 19:11:40,544 File name: C:\Users\z003vrzk\.spyder-py3\Scripts\Work\PanelBuilder\panel-builder\SQLTest\JHW\JobDB.mdf is already in use. Connect to existingdatabase instead
2020-03-26 19:12:39,165 File name: C:\Users\z003vrzk\.spyder-py3\Scripts\Work\PanelBuilder\panel-builder\SQLTest\JHW\JobDB.mdf is already in use. Connect to existingdatabase instead
2020-03-26 19:15:16,188 File name: C:\Users\z003vrzk\.spyder-py3\Scripts\Work\PanelBuilder\panel-builder\SQLTest\JHW\JobDB.mdf is already in use. Connect to existingdatabase instead
2020-03-26 19:19:05,604 File name: C:\Users\z003vrzk\.spyder-py3\Scripts\Work\PanelBuilder\panel-builder\SQLTest\JHW\JobDB.mdf is already in use. Connect to existingdatabase instead
2020-04-14 12:03:56,325 File name: D:\Jobs\286916_BAU_ACC_Northridge_VAV_Lab_Upgrades\DesignTool\MDT\JobDB.mdf is already in use. Connect to existingdatabase instead
2020-04-14 12:18:53,492 File name: D:\Jobs\286916_BAU_ACC_Northridge_VAV_Lab_Upgrades\DesignTool\MDT\JobDB.mdf is already in use. Connect to existingdatabase instead
2020-04-14 12:42:31,561 Database name: PBJobDB is already in use. A new name PBJobDB20200414124231 will be used
2020-04-14 12:42:31,615 Database : PBJobDB20200414124231 connected
2020-04-14 12:47:22,365 File name: D:\Jobs\286916_BAU_ACC_Northridge_VAV_Lab_Upgrades\DesignTool\MDT\JobDB.mdf is already in use. Connect to existingdatabase instead
2020-04-14 13:01:12,361 File name: D:\Jobs\286916_BAU_ACC_Northridge_VAV_Lab_Upgrades\DesignTool\MDT\JobDB.mdf is already in use. Connect to existingdatabase instead
2020-05-11 08:14:18,373 File name: D:\Jobs\255709_BAU_TFC_CSB_Plant\MDT\JobDB.mdf is already in use. Connect to existingdatabase instead
2020-05-28 13:56:52,974 File name: D:\Jobs\278136_BAU_ABIA_IT_Bldg\DesignTool\MDT\JobDB.mdf is already in use
Connect to existing database instead
Existing Database : JobDB05282020105031
2020-05-28 13:56:52,975 File name: {} is already in use
Connect to existing database instead
Existing Database : JobDB05282020105031
2020-05-28 14:10:09,039 File name: D:\Jobs\278136_BAU_ABIA_IT_Bldg\DesignTool\MDT\JobDB.mdf is already in use
Connect to existing database instead
Existing Database : JobDB05282020105031
2020-05-28 14:10:09,039 File name: {} is already in use
Connect to existing database instead
Existing Database : JobDB05282020105031
2020-06-01 15:40:27,400 [Errno 13] Permission denied: 'C:\\Users\\z003vrzk\\AppData\\Local\\Temp\\gen_py\\3.6\\dicts.dat'
2020-06-17 15:59:22,407 [Errno 13] Permission denied: 'C:\\Users\\z003vrzk\\.spyder-py3\\Scripts\\Work\\PanelBuilder\\panel-builder\\panel_builder_pyqt\\src\\main\\python\\reports\\BOM_Report.xlsx'
2020-06-17 15:59:40,156 name 'event' is not defined
2020-06-17 16:17:57,043 name 'QmessageBox' is not defined
2020-06-17 16:21:19,332 name 'QmessageBox' is not defined
2020-06-18 07:12:55,491 ('28000', '[28000] [Microsoft][SQL Server Native Client 10.0][SQL Server]Login failed for user \'AD001\\z003vrzk\'. (18456) (SQLDriverConnect); [28000] [Microsoft][SQL Server Native Client 10.0][SQL Server]Cannot open database "PBJobDB" requested by the login. The login failed. (4060); [28000] [Microsoft][SQL Server Native Client 10.0][SQL Server]Login failed for user \'AD001\\z003vrzk\'. (18456); [28000] [Microsoft][SQL Server Native Client 10.0][SQL Server]Cannot open database "PBJobDB" requested by the login. The login failed. (4060)')
2020-06-18 07:14:14,028 ('28000', '[28000] [Microsoft][SQL Server Native Client 10.0][SQL Server]Login failed for user \'AD001\\z003vrzk\'. (18456) (SQLDriverConnect); [28000] [Microsoft][SQL Server Native Client 10.0][SQL Server]Cannot open database "PBJobDB" requested by the login. The login failed. (4060); [28000] [Microsoft][SQL Server Native Client 10.0][SQL Server]Login failed for user \'AD001\\z003vrzk\'. (18456); [28000] [Microsoft][SQL Server Native Client 10.0][SQL Server]Cannot open database "PBJobDB" requested by the login. The login failed. (4060)')
2020-06-18 07:18:30,602 ('28000', '[28000] [Microsoft][SQL Server Native Client 10.0][SQL Server]Login failed for user \'AD001\\z003vrzk\'. (18456) (SQLDriverConnect); [28000] [Microsoft][SQL Server Native Client 10.0][SQL Server]Cannot open database "PBJobDB" requested by the login. The login failed. (4060); [28000] [Microsoft][SQL Server Native Client 10.0][SQL Server]Login failed for user \'AD001\\z003vrzk\'. (18456); [28000] [Microsoft][SQL Server Native Client 10.0][SQL Server]Cannot open database "PBJobDB" requested by the login. The login failed. (4060)')
2020-06-18 07:21:24,004 Database : PBJobDB connected
2020-06-18 07:21:45,330 Database : PBJobDB0618072145 connected
2020-06-18 07:50:05,340 ('42000', "[42000] [Microsoft][SQL Server Native Client 10.0][SQL Server]A file activation error occurred. The physical file name 'None' may be incorrect. Diagnose and correct additional errors, and retry the operation. (5105) (SQLExecDirectW)")
2020-07-07 12:11:35,606 'SQLBase' object has no attribute 'master_connection_str'
2020-07-07 12:12:56,348 ('42000', '[42000] [Microsoft][SQL Server Native Client 10.0][SQL Server]Unable to open the physical file "\\\\ustxca00064sto.ad001.siemens.net\\grp$\\FSA01313088\\Jobs\\Automation\\Test\\MDT\\JobDB.mdf". Operating system error 5: "5(Access is denied.)". (5120) (SQLExecDirectW)')
2020-07-07 12:15:24,989 ('42000', '[42000] [Microsoft][SQL Server Native Client 10.0][SQL Server]Unable to open the physical file "\\\\ustxca00064sto.ad001.siemens.net\\grp$\\FSA01313088\\Jobs\\Automation\\Test\\MDT\\JobDB.mdf". Operating system error 5: "5(Access is denied.)". (5120) (SQLExecDirectW)')
2020-07-24 13:46:30,979 'str' object has no attribute 'cursor'
2020-07-24 13:47:21,260 ('42000', '[42000] [Microsoft][SQL Server Native Client 11.0][SQL Server]CREATE DATABASE statement not allowed within multi-statement transaction. (226) (SQLExecDirectW)')
2020-07-24 14:02:14,728 ('42000', '[42000] [Microsoft][SQL Server Native Client 11.0][SQL Server]CREATE DATABASE statement not allowed within multi-statement transaction. (226) (SQLExecDirectW)')
2020-07-24 14:06:15,145 ('42000', '[42000] [Microsoft][SQL Server Native Client 11.0][SQL Server]The path specified by "C:\\Users\\z003vrzk\\.spyder-py3\\Scripts\\Work\\PanelBuilder\\SQLTest\\JHW\\JobDB_Log.ldf" is not in a valid directory. (5121) (SQLExecDirectW)')
2020-07-24 14:10:09,712 ('42000', '[42000] [Microsoft][SQL Server Native Client 11.0][SQL Server]The path specified by "C:\\Users\\z003vrzk\\.spyder-py3\\Scripts\\Work\\PanelBuilder\\panel-builder\\SQLTest\\JHW\\JobDB_Log.ldf" is not in a valid directory. (5121) (SQLExecDirectW)')
2020-07-24 14:10:38,740 ('42000', '[42000] [Microsoft][SQL Server Native Client 11.0][SQL Server]The FOR ATTACH option requires that at least the primary file be specified. (1829) (SQLExecDirectW)')
2020-07-24 14:13:34,524 Database PBJobDB removed
2020-07-24 14:13:40,180 ('42000', '[42000] [Microsoft][SQL Server Native Client 11.0][SQL Server]The FOR ATTACH option requires that at least the primary file be specified. (1829) (SQLExecDirectW)')
2020-07-24 14:15:15,673 ('42000', '[42000] [Microsoft][SQL Server Native Client 11.0][SQL Server]The FOR ATTACH option requires that at least the primary file be specified. (1829) (SQLExecDirectW)')
2020-07-24 14:22:39,798 
2020-07-24 14:22:39,839 ('42000', "[42000] [Microsoft][SQL Server Native Client 11.0][SQL Server]A file activation error occurred. The physical file name 'TestDB' may be incorrect. Diagnose and correct additional errors, and retry the operation. (5105) (SQLExecDirectW)")
2020-07-24 14:22:50,031 ('42000', '[42000] [Microsoft][SQL Server Native Client 11.0][SQL Server]The FOR ATTACH option requires that at least the primary file be specified. (1829) (SQLExecDirectW)')
2020-07-24 14:25:11,919 Database PBJobDB removed
2020-07-24 14:25:23,888 Database PBJobDB removed
2020-07-24 14:26:06,348 ('42000', '[42000] [Microsoft][SQL Server Native Client 11.0][SQL Server]The FOR ATTACH option requires that at least the primary file be specified. (1829) (SQLExecDirectW)')
2020-07-24 14:33:18,621 ('42000', '[42000] [Microsoft][SQL Server Native Client 11.0][SQL Server]The FOR ATTACH option requires that at least the primary file be specified. (1829) (SQLExecDirectW)')
2020-07-24 14:39:34,316 ('42000', '[42000] [Microsoft][SQL Server Native Client 11.0][SQL Server]The FOR ATTACH option requires that at least the primary file be specified. (1829) (SQLExecDirectW)')
2020-07-24 14:42:20,935 Database PBJobDB removed
2020-07-24 14:46:42,178 Database PBJobDB removed
2020-07-24 14:49:13,767 Database PBJobDB removed
2020-07-24 14:50:20,246 File name: C:\Users\z003vrzk\.spyder-py3\Scripts\Work\PanelBuilder\panel_builder\SQLTest\JHW\JobDB_Log.ldf is already in use
Connect to existing database instead
Existing Database : PBJobDB
2020-07-24 14:50:20,246 File name: {} is already in use
Connect to existing database instead
Existing Database : PBJobDB
2020-07-24 14:50:49,502 ('42000', '[42000] [Microsoft][SQL Server Native Client 11.0][SQL Server]The FOR ATTACH option requires that at least the primary file be specified. (1829) (SQLExecDirectW)')
2020-07-24 14:51:06,686 ('42000', '[42000] [Microsoft][SQL Server Native Client 11.0][SQL Server]The FOR ATTACH option requires that at least the primary file be specified. (1829) (SQLExecDirectW)')
2020-07-24 14:52:46,293 ('42000', '[42000] [Microsoft][SQL Server Native Client 11.0][SQL Server]The FOR ATTACH option requires that at least the primary file be specified. (1829) (SQLExecDirectW)')
2020-07-24 15:04:33,319 File name: C:\Users\z003vrzk\.spyder-py3\Scripts\Work\PanelBuilder\panel_builder\SQLTest\JHW\JobDB_Log.ldf is already in use
Connect to existing database instead
Existing Database : PBJobDB
2020-07-24 15:04:33,319 File name: {} is already in use
Connect to existing database instead
Existing Database : PBJobDB
2020-07-24 15:04:48,378 ('42000', '[42000] [Microsoft][SQL Server Native Client 11.0][SQL Server]The FOR ATTACH option requires that at least the primary file be specified. (1829) (SQLExecDirectW)')
2020-07-24 15:05:59,313 ('42000', "[42000] [Microsoft][SQL Server Native Client 11.0][SQL Server]Incorrect syntax near 'GO'. (102) (SQLExecDirectW)")
2020-07-24 15:06:33,013 ('42000', '[42000] [Microsoft][SQL Server Native Client 11.0][SQL Server]The FOR ATTACH option requires that at least the primary file be specified. (1829) (SQLExecDirectW)')
2020-07-24 15:09:28,140 File name: C:\Users\z003vrzk\.spyder-py3\Scripts\Work\PanelBuilder\panel_builder\SQLTest\JHW\JobDB_Log.ldf is already in use
Connect to existing database instead
Existing Database : Test
2020-07-24 15:09:28,140 File name: {} is already in use
Connect to existing database instead
Existing Database : Test
2020-07-24 15:09:38,602 File name: C:\Users\z003vrzk\.spyder-py3\Scripts\Work\PanelBuilder\panel_builder\SQLTest\JHW\JobDB_Log.ldf is already in use
Connect to existing database instead
Existing Database : Test
2020-07-24 15:09:38,603 File name: {} is already in use
Connect to existing database instead
Existing Database : Test
2020-07-24 15:09:53,401 ('42000', '[42000] [Microsoft][SQL Server Native Client 11.0][SQL Server]The FOR ATTACH option requires that at least the primary file be specified. (1829) (SQLExecDirectW)')
2020-07-24 15:15:37,577 File name: C:\Users\z003vrzk\.spyder-py3\Scripts\Work\PanelBuilder\panel_builder\SQLTest\JHW\JobDB_Log.ldf is already in use
Connect to existing database instead
Existing Database : PBJobDB
2020-07-24 15:15:37,577 File name: {} is already in use
Connect to existing database instead
Existing Database : PBJobDB
2020-07-24 15:15:50,158 ('42000', '[42000] [Microsoft][SQL Server Native Client 11.0][SQL Server]The FOR ATTACH option requires that at least the primary file be specified. (1829) (SQLExecDirectW)')
2020-07-24 15:22:25,678 
2020-07-24 15:22:25,725 ('42000', "[42000] [Microsoft][SQL Server Native Client 11.0][SQL Server]Incorrect syntax near '\\'. (102) (SQLExecDirectW); [42000] [Microsoft][SQL Server Native Client 11.0][SQL Server]Incorrect syntax near '='. (102)")
2020-07-24 15:24:21,987 ('42000', '[42000] [Microsoft][SQL Server Native Client 11.0][SQL Server]The FOR ATTACH option requires that at least the primary file be specified. (1829) (SQLExecDirectW)')
2020-07-24 15:24:58,037 ('42000', '[42000] [Microsoft][SQL Server Native Client 11.0][SQL Server]The FOR ATTACH option requires that at least the primary file be specified. (1829) (SQLExecDirectW)')
2020-07-24 15:26:53,381 File name: C:\Users\z003vrzk\.spyder-py3\Scripts\Work\PanelBuilder\panel_builder\SQLTest\JHW\JobDB_Log.ldf is already in use
Connect to existing database instead
Existing Database : PBJobDB
2020-07-24 15:26:53,381 File name: {} is already in use
Connect to existing database instead
Existing Database : PBJobDB
2020-07-24 15:26:58,775 Database PBJobDB removed
2020-07-24 15:27:00,713 ('42000', '[42000] [Microsoft][SQL Server Native Client 11.0][SQL Server]The FOR ATTACH option requires that at least the primary file be specified. (1829) (SQLExecDirectW)')
2020-07-24 15:43:39,878 ('42000', '[42000] [Microsoft][SQL Server Native Client 11.0][SQL Server]The FOR ATTACH option requires that at least the primary file be specified. (1829) (SQLExecDirectW)')
2020-07-24 15:45:32,175 ('42000', '[42000] [Microsoft][SQL Server Native Client 11.0][SQL Server]The FOR ATTACH option requires that at least the primary file be specified. (1829) (SQLExecDirectW)')
2020-07-24 16:45:14,795 ('42000', '[42000] [Microsoft][SQL Server Native Client 11.0][SQL Server]The FOR ATTACH option requires that at least the primary file be specified. (1829) (SQLExecDirectW)')
2020-07-24 16:46:55,220 ('42000', '[42000] [Microsoft][SQL Server Native Client 11.0][SQL Server]The FOR ATTACH option requires that at least the primary file be specified. (1829) (SQLExecDirectW)')
2020-07-24 16:52:54,039 name 'master_connection' is not defined
2020-07-24 16:53:10,303 ('42000', '[42000] [Microsoft][SQL Server Native Client 11.0][SQL Server]The FOR ATTACH option requires that at least the primary file be specified. (1829) (SQLExecDirectW)')
2020-07-24 17:00:27,567 File name: C:\Users\z003vrzk\.spyder-py3\Scripts\Work\PanelBuilder\panel_builder\SQLTest\JHW\JobDB_Log.ldf is already in use
Connect to existing database instead
Existing Database : PBJobDB
2020-07-24 17:00:27,567 File name: {} is already in use
Connect to existing database instead
Existing Database : PBJobDB
2020-07-24 17:00:41,959 ('42000', '[42000] [Microsoft][SQL Server Native Client 11.0][SQL Server]The FOR ATTACH option requires that at least the primary file be specified. (1829) (SQLExecDirectW)')
2020-07-24 17:11:04,498 ('42000', '[42000] [Microsoft][SQL Server Native Client 11.0][SQL Server]The FOR ATTACH option requires that at least the primary file be specified. (1829) (SQLExecDirectW)')
2020-07-24 17:39:33,325 ('42000', '[42000] [Microsoft][SQL Server Native Client 11.0][SQL Server]The FOR ATTACH option requires that at least the primary file be specified. (1829) (SQLExecDirectW)')
2020-07-24 17:44:47,268 ('42000', '[42000] [Microsoft][SQL Server Native Client 11.0][SQL Server]The FOR ATTACH option requires that at least the primary file be specified. (1829) (SQLExecDirectW)')
2020-07-24 17:52:44,559 ('42000', '[42000] [Microsoft][SQL Server Native Client 11.0][SQL Server]The FOR ATTACH option requires that at least the primary file be specified. (1829) (SQLExecDirectW)')
2020-07-24 17:53:49,773 ('42000', '[42000] [Microsoft][SQL Server Native Client 11.0][SQL Server]The FOR ATTACH option requires that at least the primary file be specified. (1829) (SQLExecDirectW)')
2020-07-24 17:54:21,832 'SQLTest' object has no attribute 'get_pyodbc_master_connection_str'
2020-07-24 17:54:50,341 'str' object is not callable
2020-07-24 17:55:08,297 Database : PBJobDB connected
2020-07-24 17:56:16,239 File name: C:\Users\z003vrzk\.spyder-py3\Scripts\Work\PanelBuilder\panel_builder\SQLTest\JHW\JobDB_Log.ldf is already in use
Connect to existing database instead
Existing Database : PBJobDB
2020-07-24 17:56:16,239 File name: {} is already in use
Connect to existing database instead
Existing Database : PBJobDB
2020-07-24 17:56:26,177 ('42000', '[42000] [Microsoft][SQL Server Native Client 11.0][SQL Server]The FOR ATTACH option requires that at least the primary file be specified. (1829) (SQLExecDirectW)')
2020-07-24 17:56:37,744 Database : PBJobDB connected
2020-07-24 17:57:45,852 ('42000', '[42000] [Microsoft][SQL Server Native Client 11.0][SQL Server]The FOR ATTACH option requires that at least the primary file be specified. (1829) (SQLExecDirectW)')
2020-07-24 17:58:08,405 Database : PBJobDB connected
2020-07-24 17:58:42,677 ('42000', '[42000] [Microsoft][SQL Server Native Client 11.0][SQL Server]The FOR ATTACH option requires that at least the primary file be specified. (1829) (SQLExecDirectW)')
2020-07-24 17:58:48,923 ('42000', '[42000] [Microsoft][SQL Server Native Client 11.0][SQL Server]The FOR ATTACH option requires that at least the primary file be specified. (1829) (SQLExecDirectW)')
2020-07-24 17:59:41,358 ('42000', '[42000] [Microsoft][SQL Server Native Client 11.0][SQL Server]The FOR ATTACH option requires that at least the primary file be specified. (1829) (SQLExecDirectW)')
2020-07-24 18:00:42,502 ('42000', '[42000] [Microsoft][SQL Server Native Client 11.0][SQL Server]The FOR ATTACH option requires that at least the primary file be specified. (1829) (SQLExecDirectW)')
2020-07-24 18:01:48,063 ('42000', '[42000] [Microsoft][SQL Server Native Client 11.0][SQL Server]The FOR ATTACH option requires that at least the primary file be specified. (1829) (SQLExecDirectW)')
2020-07-24 18:01:50,921 ('42000', '[42000] [Microsoft][SQL Server Native Client 11.0][SQL Server]The FOR ATTACH option requires that at least the primary file be specified. (1829) (SQLExecDirectW)')
2020-07-24 18:02:12,032 ('42000', '[42000] [Microsoft][SQL Server Native Client 11.0][SQL Server]The FOR ATTACH option requires that at least the primary file be specified. (1829) (SQLExecDirectW)')
2020-07-24 18:02:43,914 ('42000', '[42000] [Microsoft][SQL Server Native Client 11.0][SQL Server]The FOR ATTACH option requires that at least the primary file be specified. (1829) (SQLExecDirectW)')
2020-07-24 18:04:07,133 ('42000', '[42000] [Microsoft][SQL Server Native Client 11.0][SQL Server]The FOR ATTACH option requires that at least the primary file be specified. (1829) (SQLExecDirectW)')
2020-07-24 18:04:34,855 ('42000', '[42000] [Microsoft][SQL Server Native Client 11.0][SQL Server]The FOR ATTACH option requires that at least the primary file be specified. (1829) (SQLExecDirectW)')
2020-07-24 18:04:55,289 Database : PBJobDB connected
2020-07-24 18:19:58,987 File name: C:\Users\z003vrzk\.spyder-py3\Scripts\Work\PanelBuilder\panel_builder\SQLTest\JHW\JobDB.mdf is already in use
Connect to existing database instead
Existing Database : PBJobDB
2020-07-24 18:19:58,987 File name: {} is already in use
Connect to existing database instead
Existing Database : PBJobDB
2020-07-24 18:20:10,765 Database : PBJobDB connected
2020-07-24 18:22:46,207 Database : PBJobDB connected
2020-07-24 18:27:01,198 Database name: PBJobDB is already in use.  Try a new name instead
2020-07-24 18:27:01,198 Database name: PBJobDB is already in use.  Try a new name instead
2020-07-24 18:27:14,209 Database : PBJobDB connected
2020-07-24 18:45:32,061 Database : PBJobDB connected
2020-07-27 08:33:10,034 ('08001', '[08001] [Microsoft][SQL Server Native Client 10.0]SQL Server Network Interfaces: Error Locating Server/Instance Specified [xFFFFFFFF].  (-1) (SQLDriverConnect); [08001] [Microsoft][SQL Server Native Client 10.0]Login timeout expired (0); [08001] [Microsoft][SQL Server Native Client 10.0]A network-related or instance-specific error has occurred while establishing a connection to SQL Server. Server is not found or not accessible. Check if instance name is correct and if SQL Server is configured to allow remote connections. For more information see SQL Server Books Online. (-1)')
2020-07-27 11:56:11,472 ('08001', '[08001] [Microsoft][SQL Server Native Client 11.0]TCP Provider: No such host is known.\r\n (11001) (SQLDriverConnect); [08001] [Microsoft][SQL Server Native Client 11.0]Login timeout expired (0); [08001] [Microsoft][SQL Server Native Client 11.0]A network-related or instance-specific error has occurred while establishing a connection to SQL Server. Server is not found or not accessible. Check if instance name is correct and if SQL Server is configured to allow remote connections. For more information see SQL Server Books Online. (11001)')
2020-07-27 11:57:49,605 ('08001', '[08001] [Microsoft][SQL Server Native Client 11.0]TCP Provider: No such host is known.\r\n (11001) (SQLDriverConnect); [08001] [Microsoft][SQL Server Native Client 11.0]Login timeout expired (0); [08001] [Microsoft][SQL Server Native Client 11.0]A network-related or instance-specific error has occurred while establishing a connection to SQL Server. Server is not found or not accessible. Check if instance name is correct and if SQL Server is configured to allow remote connections. For more information see SQL Server Books Online. (11001)')
2020-07-27 11:58:26,736 ('08001', '[08001] [Microsoft][SQL Server Native Client 11.0]TCP Provider: No such host is known.\r\n (11001) (SQLDriverConnect); [08001] [Microsoft][SQL Server Native Client 11.0]Login timeout expired (0); [08001] [Microsoft][SQL Server Native Client 11.0]A network-related or instance-specific error has occurred while establishing a connection to SQL Server. Server is not found or not accessible. Check if instance name is correct and if SQL Server is configured to allow remote connections. For more information see SQL Server Books Online. (11001)')
2020-07-27 12:23:23,840 ('42000', '[42000] [Microsoft][SQL Server Native Client 11.0][SQL Server]Unable to open the physical file "D:\\Jobs\\292103_BAU_UT_SZB_5th_Floor\\DesignTool\\MDT\\JobDB.mdf". Operating system error 32: "32(The process cannot access the file because it is being used by another process.)". (5120) (SQLExecDirectW); [42000] [Microsoft][SQL Server Native Client 11.0][SQL Server]CREATE DATABASE failed. Some file names listed could not be created. Check related errors. (1802)')
2020-07-27 12:28:31,960 ('42000', '[42000] [Microsoft][SQL Server Native Client 11.0][SQL Server]Unable to open the physical file "D:\\Jobs\\292103_BAU_UT_SZB_5th_Floor\\DesignTool\\MDT\\JobDB.mdf". Operating system error 32: "32(The process cannot access the file because it is being used by another process.)". (5120) (SQLExecDirectW); [42000] [Microsoft][SQL Server Native Client 11.0][SQL Server]CREATE DATABASE failed. Some file names listed could not be created. Check related errors. (1802)')
2020-07-27 13:26:55,948 ('28000', '[28000] [Microsoft][SQL Server Native Client 11.0][SQL Server]Login failed for user \'AD001\\z003vrzk\'. (18456) (SQLDriverConnect); [28000] [Microsoft][SQL Server Native Client 11.0][SQL Server]Cannot open database "PBJobsDB" requested by the login. The login failed. (4060); [28000] [Microsoft][SQL Server Native Client 11.0][SQL Server]Login failed for user \'AD001\\z003vrzk\'. (18456); [28000] [Microsoft][SQL Server Native Client 11.0][SQL Server]Cannot open database "PBJobsDB" requested by the login. The login failed. (4060)')
2020-08-05 10:50:31,975 ('42000', '[42000] [Microsoft][SQL Server Native Client 11.0][SQL Server]Unable to open the physical file "D:\\Jobs\\292812_BAU_DCMC_OR_2_3_CHW_Coils\\DesignTool\\MDT\\JobDB.mdf". Operating system error 32: "32(The process cannot access the file because it is being used by another process.)". (5120) (SQLExecDirectW); [42000] [Microsoft][SQL Server Native Client 11.0][SQL Server]CREATE DATABASE failed. Some file names listed could not be created. Check related errors. (1802)')
2020-08-05 10:59:24,003 Database name: PBJobDB is already in use.  Try a new name instead
2020-08-05 10:59:24,003 Database name: PBJobDB is already in use.  Try a new name instead
2020-08-05 10:59:24,012 ('42000', "[42000] [Microsoft][SQL Server Native Client 11.0][SQL Server]Incorrect syntax near '\\'. (102) (SQLExecDirectW); [42000] [Microsoft][SQL Server Native Client 11.0][SQL Server]Incorrect syntax near the keyword 'with'. If this statement is a common table expression, an xmlnamespaces clause or a change tracking context clause, the previous statement must be terminated with a semicolon. (319)")
2020-08-05 11:04:47,839 Database : PBJobDB_test connected
2020-08-05 11:05:10,051 Database PBJobDB_test removed
2020-08-05 11:07:09,941 ('42000', "[42000] [Microsoft][SQL Server Native Client 11.0][SQL Server]Incorrect syntax near '\\'. (102) (SQLExecDirectW); [42000] [Microsoft][SQL Server Native Client 11.0][SQL Server]Incorrect syntax near the keyword 'with'. If this statement is a common table expression, an xmlnamespaces clause or a change tracking context clause, the previous statement must be terminated with a semicolon. (319)")
2020-08-05 11:07:10,560 Database PBJobDB removed
2020-08-05 11:10:28,885 Database : PBJobDB_test connected
2020-08-05 11:10:29,357 Database PBJobDB_test removed
2020-08-05 11:10:29,364 ('42000', "[42000] [Microsoft][SQL Server Native Client 11.0][SQL Server]Incorrect syntax near '\\'. (102) (SQLExecDirectW); [42000] [Microsoft][SQL Server Native Client 11.0][SQL Server]Incorrect syntax near the keyword 'with'. If this statement is a common table expression, an xmlnamespaces clause or a change tracking context clause, the previous statement must be terminated with a semicolon. (319)")
2020-08-05 11:15:31,613 ('28000', '[28000] [Microsoft][SQL Server Native Client 11.0][SQL Server]Login failed for user \'AD001\\z003vrzk\'. (18456) (SQLDriverConnect); [28000] [Microsoft][SQL Server Native Client 11.0][SQL Server]Cannot open database "PBJobDB_test" requested by the login. The login failed. (4060); [28000] [Microsoft][SQL Server Native Client 11.0][SQL Server]Login failed for user \'AD001\\z003vrzk\'. (18456); [28000] [Microsoft][SQL Server Native Client 11.0][SQL Server]Cannot open database "PBJobDB_test" requested by the login. The login failed. (4060)')
2020-08-05 11:16:02,327 Database : PBJobDB_test connected
2020-08-05 11:17:44,005 Database PBJobDB_test removed
2020-08-05 11:17:44,219 Database : PBJobDB_test connected
2020-08-05 11:17:44,664 Database PBJobDB_test removed
2020-08-05 11:17:44,671 ('42000', "[42000] [Microsoft][SQL Server Native Client 11.0][SQL Server]Incorrect syntax near '\\'. (102) (SQLExecDirectW); [42000] [Microsoft][SQL Server Native Client 11.0][SQL Server]Incorrect syntax near the keyword 'with'. If this statement is a common table expression, an xmlnamespaces clause or a change tracking context clause, the previous statement must be terminated with a semicolon. (319)")
2020-08-05 11:17:44,875 Database : PBJobDB_test connected
2020-08-05 11:17:45,285 Database PBJobDB_test removed
2020-08-05 11:17:45,518 Database : PBJobDB_test connected
2020-08-05 11:22:17,273 Database PBJobDB_test removed
2020-08-05 11:22:17,449 Database : PBJobDB_test connected
2020-08-05 11:22:17,890 Database PBJobDB_test removed
2020-08-05 11:22:17,898 ('42000', "[42000] [Microsoft][SQL Server Native Client 11.0][SQL Server]Incorrect syntax near '\\'. (102) (SQLExecDirectW); [42000] [Microsoft][SQL Server Native Client 11.0][SQL Server]Incorrect syntax near the keyword 'with'. If this statement is a common table expression, an xmlnamespaces clause or a change tracking context clause, the previous statement must be terminated with a semicolon. (319)")
2020-08-05 11:22:18,127 Database : PBJobDB_test connected
2020-08-05 11:22:18,578 Database PBJobDB_test removed
2020-08-05 11:22:18,814 Database : PBJobDB_test connected
2020-08-05 11:23:49,648 Database PBJobDB_test removed
2020-08-05 11:31:27,602 Database : PBJobDB_test connected
2020-08-05 11:31:28,402 Database PBJobDB_test removed
2020-08-05 11:31:39,605 ('42000', '[42000] [Microsoft][SQL Server Native Client 11.0][SQL Server]Unable to open the physical file "\\\\ustxca00064sto.ad001.siemens.net\\grp$\\FSA01313088\\Jobs\\Automation\\Test\\MDT\\JobDB.mdf". Operating system error 5: "5(Access is denied.)". (5120) (SQLExecDirectW); [42000] [Microsoft][SQL Server Native Client 11.0][SQL Server]CREATE DATABASE failed. Some file names listed could not be created. Check related errors. (1802)')
2020-08-05 11:31:39,883 Database : PBJobDB_test connected
2020-08-05 11:31:40,293 Database PBJobDB_test removed
2020-08-05 11:31:40,548 Database : PBJobDB_test connected
2020-08-05 11:32:17,399 Database PBJobDB_test removed
2020-08-05 11:32:29,945 ('42000', '[42000] [Microsoft][SQL Server Native Client 11.0][SQL Server]Unable to open the physical file "\\\\ustxca00064sto.ad001.siemens.net\\grp$\\FSA01313088\\Jobs\\Automation\\Test\\MDT\\JobDB.mdf". Operating system error 5: "5(Access is denied.)". (5120) (SQLExecDirectW); [42000] [Microsoft][SQL Server Native Client 11.0][SQL Server]CREATE DATABASE failed. Some file names listed could not be created. Check related errors. (1802)')
2020-08-05 12:21:34,839 Database : PBJobDB_test connected
2020-08-05 12:21:35,322 Database PBJobDB_test removed
2020-08-05 12:21:35,578 Database : PBJobDB_test connected
2020-08-05 12:21:35,987 Database PBJobDB_test removed
2020-08-05 12:21:36,168 Database : PBJobDB_test connected
2020-08-05 12:21:58,099 ('42000', '[42000] [Microsoft][SQL Server Native Client 11.0][SQL Server]Unable to open the physical file "D:\\Jobs\\292812_BAU_DCMC_OR_2_3_CHW_Coils\\DesignTool\\MDT\\JobDB.mdf". Operating system error 32: "32(The process cannot access the file because it is being used by another process.)". (5120) (SQLExecDirectW); [42000] [Microsoft][SQL Server Native Client 11.0][SQL Server]CREATE DATABASE failed. Some file names listed could not be created. Check related errors. (1802)')
2020-08-05 12:25:07,009 Database PBJobDB_test removed
2020-08-05 12:25:30,842 ('42000', '[42000] [Microsoft][SQL Server Native Client 11.0][SQL Server]The path specified by "\\\\ustxca00064sto.ad001.siemens.net\\grp$\\FSA01313088\\Jobs\\Automation\\Test\\MDT\\JobDB.mdf" is not in a valid directory. (5121) (SQLExecDirectW)')
2020-08-05 12:25:36,001 Database : PBJobDB_test connected
2020-08-05 12:29:17,308 Database PBJobDB_test removed
2020-08-05 12:29:17,579 Database PBJobDB_test removed
2020-08-05 12:29:17,774 Database : PBJobDB_test connected
2020-08-05 12:29:18,205 Database PBJobDB_test removed
2020-08-05 12:29:18,392 Database : PBJobDB_test connected
2020-08-05 12:29:18,836 Database PBJobDB_test removed
2020-08-05 12:29:19,076 Database : PBJobDB_test connected
2020-08-05 12:29:32,224 ('42000', '[42000] [Microsoft][SQL Server Native Client 11.0][SQL Server]Unable to open the physical file "D:\\Jobs\\292812_BAU_DCMC_OR_2_3_CHW_Coils\\DesignTool\\MDT\\JobDB.mdf". Operating system error 32: "32(The process cannot access the file because it is being used by another process.)". (5120) (SQLExecDirectW); [42000] [Microsoft][SQL Server Native Client 11.0][SQL Server]CREATE DATABASE failed. Some file names listed could not be created. Check related errors. (1802)')
2020-08-05 12:32:17,012 ('42000', '[42000] [Microsoft][SQL Server Native Client 11.0][SQL Server]Unable to open the physical file "D:\\Jobs\\292812_BAU_DCMC_OR_2_3_CHW_Coils\\DesignTool\\MDT\\JobDB.mdf". Operating system error 32: "32(The process cannot access the file because it is being used by another process.)". (5120) (SQLExecDirectW); [42000] [Microsoft][SQL Server Native Client 11.0][SQL Server]CREATE DATABASE failed. Some file names listed could not be created. Check related errors. (1802)')
2020-08-05 12:33:49,274 ('42000', '[42000] [Microsoft][SQL Server Native Client 11.0][SQL Server]Unable to open the physical file "D:\\Jobs\\292812_BAU_DCMC_OR_2_3_CHW_Coils\\DesignTool\\MDT\\JobDB.mdf". Operating system error 32: "32(The process cannot access the file because it is being used by another process.)". (5120) (SQLExecDirectW); [42000] [Microsoft][SQL Server Native Client 11.0][SQL Server]CREATE DATABASE failed. Some file names listed could not be created. Check related errors. (1802)')
2020-08-05 12:55:59,596 'ReportDialog' object has no attribute '_get_database_BOM_systems'
2020-08-05 13:01:27,414 No database connection initialized. Try self.init_database_connection
2020-08-05 13:06:04,359 'ReportDialog' object has no attribute '_get_database_BOM_systems'
2020-08-05 13:09:28,957 'ReportDialog' object has no attribute 'BomGenerator'
2020-08-05 15:35:31,202 'ReportDialog' object has no attribute 'BomGenerator'
2020-08-05 15:37:58,216 'BOMGenerator' object has no attribute 'database_name'
2020-08-05 15:41:10,901 pandas_execute_sql() takes 2 positional arguments but 3 were given
