INFO:root:File name: D:\Jobs\246728_TXSU_Chemistry_Bldg_Reno\MDT\JobDB.mdf is already in use. Connect to existingdatabase instead
INFO:root:File name: D:\Jobs\246728_TXSU_Chemistry_Bldg_Reno\MDT\JobDB.mdf is already in use. Connect to existingdatabase instead
INFO:root:File name: D:\Jobs\246728_TXSU_Chemistry_Bldg_Reno\MDT\JobDB.mdf is already in use. Connect to existingdatabase instead
INFO:root:File name: D:\Jobs\246728_TXSU_Chemistry_Bldg_Reno\MDT\JobDB.mdf is already in use. Connect to existingdatabase instead
INFO:root:File name: D:\Jobs\246728_TXSU_Chemistry_Bldg_Reno\MDT\JobDB.mdf is already in use. Connect to existingdatabase instead
INFO:root:File name: D:\Jobs\245597_BAU_TFC_JHW_DM\Design Tool\MDT\JobDB.mdf is already in use. Connect to existingdatabase instead
DEBUG:root:question(QWidget, str, str, buttons: Union[QMessageBox.StandardButtons, QMessageBox.StandardButton] = QMessageBox.StandardButtons(QMessageBox.Yes|QMessageBox.No), defaultButton: QMessageBox.StandardButton = QMessageBox.NoButton): argument 1 has unexpected type 'Icon'
INFO:root:File name: D:\Jobs\246728_TXSU_Chemistry_Bldg_Reno\MDT\JobDB.mdf is already in use. Connect to existingdatabase instead
INFO:root:File name: D:\Jobs\246728_TXSU_Chemistry_Bldg_Reno\MDT\JobDB.mdf is already in use. Connect to existingdatabase instead
2020-01-13 09:18:39,526 File name: D:\Jobs\246728_TXSU_Chemistry_Bldg_Reno\MDT\JobDB.mdf is already in use. Connect to existingdatabase instead
2020-01-13 10:18:22,967 File name: D:\Jobs\246728_TXSU_Chemistry_Bldg_Reno\MDT\JobDB.mdf is already in use. Connect to existingdatabase instead
2020-01-13 10:18:29,745 question(QWidget, str, str, buttons: Union[QMessageBox.StandardButtons, QMessageBox.StandardButton] = QMessageBox.StandardButtons(QMessageBox.Yes|QMessageBox.No), defaultButton: QMessageBox.StandardButton = QMessageBox.NoButton): argument 1 has unexpected type 'Icon'
2020-01-13 10:20:47,017 File name: D:\Jobs\246728_TXSU_Chemistry_Bldg_Reno\MDT\JobDB.mdf is already in use. Connect to existingdatabase instead
2020-01-13 10:20:54,963 'AppContext' object has no attribute 'alarm'
2020-01-13 10:22:20,259 File name: D:\Jobs\246728_TXSU_Chemistry_Bldg_Reno\MDT\JobDB.mdf is already in use. Connect to existingdatabase instead
2020-01-13 10:26:42,944 File name: D:\Jobs\246728_TXSU_Chemistry_Bldg_Reno\MDT\JobDB.mdf is already in use. Connect to existingdatabase instead
2020-01-13 10:29:55,695 File name: D:\Jobs\246728_TXSU_Chemistry_Bldg_Reno\MDT\JobDB.mdf is already in use. Connect to existingdatabase instead
2020-01-13 10:31:03,296 File name: D:\Jobs\246728_TXSU_Chemistry_Bldg_Reno\MDT\JobDB.mdf is already in use. Connect to existingdatabase instead
2020-01-13 10:42:47,956 File name: D:\Jobs\246728_TXSU_Chemistry_Bldg_Reno\MDT\JobDB.mdf is already in use. Connect to existingdatabase instead
2020-01-13 11:46:04,306 File name: D:\Jobs\276328_BAU_Baylor_Science_Core_Facilities\MDT\JobDB.mdf is already in use. Connect to existingdatabase instead
2020-01-13 12:26:58,987 File name: D:\Jobs\246728_TXSU_Chemistry_Bldg_Reno\MDT\JobDB.mdf is already in use. Connect to existingdatabase instead
2020-01-13 12:27:10,371 File name: D:\Jobs\246728_TXSU_Chemistry_Bldg_Reno\MDT\JobDB.mdf is already in use. Connect to existingdatabase instead
2020-01-13 13:36:56,473 File name: D:\Jobs\246728_TXSU_Chemistry_Bldg_Reno\MDT\JobDB.mdf is already in use. Connect to existingdatabase instead
2020-01-13 13:37:06,251 [Errno 13] Permission denied: 'C:\\Users\\z003vrzk\\AppData\\Local\\Temp\\gen_py\\3.6\\dicts.dat'
2020-01-13 13:38:25,062 [Errno 2] No such file or directory: 'C:\\Users\\z003vrzk\\AppData\\Local\\Temp\\gen_py\\3.6\\00020813-0000-0000-C000-000000000046x0x1x9\\Application.py.temp'
2020-01-13 13:38:51,910 File name: D:\Jobs\246728_TXSU_Chemistry_Bldg_Reno\MDT\JobDB.mdf is already in use. Connect to existingdatabase instead
