INFO:root:Database : PBJobDB20200110171526 connected
INFO:root:Database : PBJobDB20200110171705 connected
INFO:root:Database : PBJobDB20200110172226 connected
INFO:root:Database : PBJobDB20200110172731 connected
INFO:root:Database : PBJobDB20200110173006 connected
INFO:root:Database : PBJobDB20200110173249 connected
INFO:root:Database : PBJobDB20200110173549 connected
INFO:root:Database : PBJobDB20200110173753 connected
INFO:root:Database : PBJobDB20200110173913 connected
INFO:root:Database : PBJobDB20200110174053 connected
INFO:root:Database : PBJobDB20200110211406 connected
INFO:root:Database : PBJobDB20200110212141 connected
INFO:root:Database : PBJobDB20200110212301 connected
INFO:root:Database : PBJobDB20200110212911 connected
INFO:root:Database : PBJobDB20200110213016 connected
INFO:root:Database : PBJobDB20200110213415 connected
DEBUG:root:('42000', '[42000] [Microsoft][SQL Server Native Client 10.0][SQL Server]Unable to open the physical file "D:\\Jobs\\246728_TXSU_Chemistry_Bldg_Reno\\MDT\\JobDB.mdf". Operating system error 32: "32(The process cannot access the file because it is being used by another process.)". (5120) (SQLExecDirectW)')
DEBUG:root:('42000', '[42000] [Microsoft][SQL Server Native Client 10.0][SQL Server]Unable to open the physical file "D:\\Jobs\\246728_TXSU_Chemistry_Bldg_Reno\\MDT\\JobDB.mdf". Operating system error 32: "32(The process cannot access the file because it is being used by another process.)". (5120) (SQLExecDirectW)')
INFO:root:Database : PBJobDB20200110214509 connected
INFO:root:Database : PBJobDB20200110214916 connected
DEBUG:root:('42000', '[42000] [Microsoft][SQL Server Native Client 10.0][SQL Server]Unable to open the physical file "D:\\Jobs\\246728_TXSU_Chemistry_Bldg_Reno\\MDT\\JobDB.mdf". Operating system error 32: "32(The process cannot access the file because it is being used by another process.)". (5120) (SQLExecDirectW)')
INFO:root:Database : PBJobDB20200110215227 connected
INFO:root:Database : PBJobDB20200110215612 connected
INFO:root:Database : PBJobDB20200110220052 connected
INFO:root:Database : PBJobDB connected
INFO:root:Database : PBJobDB20200110220259 connected
INFO:root:Database name: PBJobDB20200110220259 is already connected. It will be disconnected to prevent errors
INFO:root:Database PBJobDB20200110220259 removed
INFO:root:Database : PBJobDB20200110220259 connected
DEBUG:root:('42000', '[42000] [Microsoft][SQL Server Native Client 10.0][SQL Server]Unable to open the physical file "D:\\Jobs\\246728_TXSU_Chemistry_Bldg_Reno\\MDT\\JobDB.mdf". Operating system error 32: "32(The process cannot access the file because it is being used by another process.)". (5120) (SQLExecDirectW)')
DEBUG:root:('42000', '[42000] [Microsoft][SQL Server Native Client 10.0][SQL Server]Unable to open the physical file "D:\\Jobs\\246728_TXSU_Chemistry_Bldg_Reno\\MDT\\JobDB.mdf". Operating system error 32: "32(The process cannot access the file because it is being used by another process.)". (5120) (SQLExecDirectW)')
DEBUG:root:'SQLHandling' object has no attribute 'check_file_used'
DEBUG:root:local variable 'existing_database_name' referenced before assignment
INFO:root:Database : PBJobDB connected
DEBUG:root:('42000', "[42000] [Microsoft][SQL Server Native Client 10.0][SQL Server]Database 'PBJobDB' already exists. Choose a different database name. (1801) (SQLExecDirectW)")
DEBUG:root:('42000', "[42000] [Microsoft][SQL Server Native Client 10.0][SQL Server]Database 'PBJobDB' already exists. Choose a different database name. (1801) (SQLExecDirectW)")
INFO:root:Database name: PBJobDB is already in use. A new name PBJobDB20200111130658 will be used
INFO:root:Database : PBJobDB20200111130658 connected
INFO:root:Database name: PBJobDB is already in use. A new name PBJobDB20200111131132 will be used
DEBUG:root:('42000', '[42000] [Microsoft][SQL Server Native Client 10.0][SQL Server]Unable to open the physical file "C:\\Users\\z003vrzk\\.spyder-py3\\Scripts\\Work\\PanelBuilder\\SQLTest\\JobDB.mdf". Operating system error 2: "2(The system cannot find the file specified.)". (5120) (SQLExecDirectW)')
INFO:root:File name: D:\Jobs\246728_TXSU_Chemistry_Bldg_Reno\MDT\JobDB.mdf is already in use. Connect to existingdatabase instead
DEBUG:root:('42000', '[42000] [Microsoft][SQL Server Native Client 10.0][SQL Server]Unable to open the physical file "C:\\Users\\z003vrzk\\.spyder-py3\\Scripts\\Work\\PanelBuilder\\SQLTest\\JobDB.mdf". Operating system error 2: "2(The system cannot find the file specified.)". (5120) (SQLExecDirectW)')
INFO:root:Database : PBJobDB connected
INFO:root:Execution failed on sql 'select top(10) *
from PBJobDB': ('42S02', "[42S02] [Microsoft][SQL Server Native Client 10.0][SQL Server]Invalid object name 'PBJobDB'. (208) (SQLExecDirectW)")
INFO:root:File name: D:\Jobs\246728_TXSU_Chemistry_Bldg_Reno\MDT\JobDB.mdf is already in use. Connect to existingdatabase instead
INFO:root:File name: D:\Jobs\246728_TXSU_Chemistry_Bldg_Reno\MDT\JobDB.mdf is already in use. Connect to existingdatabase instead
INFO:root:File name: D:\Jobs\246728_TXSU_Chemistry_Bldg_Reno\MDT\JobDB.mdf is already in use. Connect to existingdatabase instead
INFO:root:File name: D:\Jobs\246728_TXSU_Chemistry_Bldg_Reno\MDT\JobDB.mdf is already in use. Connect to existingdatabase instead
INFO:root:File name: D:\Jobs\246728_TXSU_Chemistry_Bldg_Reno\MDT\JobDB.mdf is already in use. Connect to existingdatabase instead
INFO:root:File name: D:\Jobs\246728_TXSU_Chemistry_Bldg_Reno\MDT\JobDB.mdf is already in use. Connect to existingdatabase instead
INFO:root:File name: D:\Jobs\246728_TXSU_Chemistry_Bldg_Reno\MDT\JobDB.mdf is already in use. Connect to existingdatabase instead
INFO:root:File name: D:\Jobs\246728_TXSU_Chemistry_Bldg_Reno\MDT\JobDB.mdf is already in use. Connect to existingdatabase instead
INFO:root:File name: D:\Jobs\246728_TXSU_Chemistry_Bldg_Reno\MDT\JobDB.mdf is already in use. Connect to existingdatabase instead
INFO:root:File name: D:\Jobs\246728_TXSU_Chemistry_Bldg_Reno\MDT\JobDB.mdf is already in use. Connect to existingdatabase instead
INFO:root:File name: D:\Jobs\246728_TXSU_Chemistry_Bldg_Reno\MDT\JobDB.mdf is already in use. Connect to existingdatabase instead
INFO:root:File name: D:\Jobs\246728_TXSU_Chemistry_Bldg_Reno\MDT\JobDB.mdf is already in use. Connect to existingdatabase instead
INFO:root:File name: D:\Jobs\246728_TXSU_Chemistry_Bldg_Reno\MDT\JobDB.mdf is already in use. Connect to existingdatabase instead
INFO:root:File name: D:\Jobs\246728_TXSU_Chemistry_Bldg_Reno\MDT\JobDB.mdf is already in use. Connect to existingdatabase instead
INFO:root:File name: D:\Jobs\246728_TXSU_Chemistry_Bldg_Reno\MDT\JobDB.mdf is already in use. Connect to existingdatabase instead
INFO:root:File name: D:\Jobs\246728_TXSU_Chemistry_Bldg_Reno\MDT\JobDB.mdf is already in use. Connect to existingdatabase instead
INFO:root:File name: D:\Jobs\246728_TXSU_Chemistry_Bldg_Reno\MDT\JobDB.mdf is already in use. Connect to existingdatabase instead
INFO:root:File name: D:\Jobs\246728_TXSU_Chemistry_Bldg_Reno\MDT\JobDB.mdf is already in use. Connect to existingdatabase instead
INFO:root:File name: D:\Jobs\246728_TXSU_Chemistry_Bldg_Reno\MDT\JobDB.mdf is already in use. Connect to existingdatabase instead
INFO:root:File name: D:\Jobs\246728_TXSU_Chemistry_Bldg_Reno\MDT\JobDB.mdf is already in use. Connect to existingdatabase instead
INFO:root:Database name: PBJobDB is already in use. A new name PBJobDB20200111175416 will be used
INFO:root:Database : PBJobDB20200111175416 connected
INFO:root:File name: D:\Jobs\245597_BAU_TFC_JHW_DM\Design Tool\MDT\JobDB.mdf is already in use. Connect to existingdatabase instead
INFO:root:File name: D:\Jobs\246728_TXSU_Chemistry_Bldg_Reno\MDT\JobDB.mdf is already in use. Connect to existingdatabase instead
INFO:root:File name: D:\Jobs\245597_BAU_TFC_JHW_DM\Design Tool\MDT\JobDB.mdf is already in use. Connect to existingdatabase instead
INFO:root:File name: D:\Jobs\245597_BAU_TFC_JHW_DM\Design Tool\MDT\JobDB.mdf is already in use. Connect to existingdatabase instead
INFO:root:File name: D:\Jobs\246728_TXSU_Chemistry_Bldg_Reno\MDT\JobDB.mdf is already in use. Connect to existingdatabase instead
INFO:root:File name: D:\Jobs\246728_TXSU_Chemistry_Bldg_Reno\MDT\JobDB.mdf is already in use. Connect to existingdatabase instead
INFO:root:File name: D:\Jobs\246728_TXSU_Chemistry_Bldg_Reno\MDT\JobDB.mdf is already in use. Connect to existingdatabase instead
INFO:root:File name: D:\Jobs\246728_TXSU_Chemistry_Bldg_Reno\MDT\JobDB.mdf is already in use. Connect to existingdatabase instead
INFO:root:File name: D:\Jobs\246728_TXSU_Chemistry_Bldg_Reno\MDT\JobDB.mdf is already in use. Connect to existingdatabase instead
INFO:root:File name: D:\Jobs\245597_BAU_TFC_JHW_DM\Design Tool\MDT\JobDB.mdf is already in use. Connect to existingdatabase instead
INFO:root:File name: D:\Jobs\246728_TXSU_Chemistry_Bldg_Reno\MDT\JobDB.mdf is already in use. Connect to existingdatabase instead
INFO:root:File name: D:\Jobs\246728_TXSU_Chemistry_Bldg_Reno\MDT\JobDB.mdf is already in use. Connect to existingdatabase instead
INFO:root:File name: D:\Jobs\246728_TXSU_Chemistry_Bldg_Reno\MDT\JobDB.mdf is already in use. Connect to existingdatabase instead
INFO:root:File name: D:\Jobs\246728_TXSU_Chemistry_Bldg_Reno\MDT\JobDB.mdf is already in use. Connect to existingdatabase instead
INFO:root:File name: D:\Jobs\246728_TXSU_Chemistry_Bldg_Reno\MDT\JobDB.mdf is already in use. Connect to existingdatabase instead
INFO:root:File name: D:\Jobs\246728_TXSU_Chemistry_Bldg_Reno\MDT\JobDB.mdf is already in use. Connect to existingdatabase instead
INFO:root:File name: D:\Jobs\246728_TXSU_Chemistry_Bldg_Reno\MDT\JobDB.mdf is already in use. Connect to existingdatabase instead
INFO:root:File name: D:\Jobs\246728_TXSU_Chemistry_Bldg_Reno\MDT\JobDB.mdf is already in use. Connect to existingdatabase instead
INFO:root:File name: D:\Jobs\246728_TXSU_Chemistry_Bldg_Reno\MDT\JobDB.mdf is already in use. Connect to existingdatabase instead
INFO:root:File name: D:\Jobs\246728_TXSU_Chemistry_Bldg_Reno\MDT\JobDB.mdf is already in use. Connect to existingdatabase instead
INFO:root:File name: D:\Jobs\246728_TXSU_Chemistry_Bldg_Reno\MDT\JobDB.mdf is already in use. Connect to existingdatabase instead
INFO:root:File name: D:\Jobs\246728_TXSU_Chemistry_Bldg_Reno\MDT\JobDB.mdf is already in use. Connect to existingdatabase instead
INFO:root:File name: D:\Jobs\246728_TXSU_Chemistry_Bldg_Reno\MDT\JobDB.mdf is already in use. Connect to existingdatabase instead
INFO:root:File name: D:\Jobs\246728_TXSU_Chemistry_Bldg_Reno\MDT\JobDB.mdf is already in use. Connect to existingdatabase instead
INFO:root:File name: D:\Jobs\246728_TXSU_Chemistry_Bldg_Reno\MDT\JobDB.mdf is already in use. Connect to existingdatabase instead
INFO:root:File name: D:\Jobs\246728_TXSU_Chemistry_Bldg_Reno\MDT\JobDB.mdf is already in use. Connect to existingdatabase instead
INFO:root:File name: D:\Jobs\246728_TXSU_Chemistry_Bldg_Reno\MDT\JobDB.mdf is already in use. Connect to existingdatabase instead
DEBUG:root:'BOMGenerator' object has no attribute 'unique_systems'
INFO:root:File name: D:\Jobs\246728_TXSU_Chemistry_Bldg_Reno\MDT\JobDB.mdf is already in use. Connect to existingdatabase instead
DEBUG:root:get_unique_systems() takes 1 positional argument but 2 were given
INFO:root:File name: D:\Jobs\246728_TXSU_Chemistry_Bldg_Reno\MDT\JobDB.mdf is already in use. Connect to existingdatabase instead
DEBUG:root:[Errno 2] No such file or directory: 'C:\\Users\\z003vrzk\\.spyder-py3\\Scripts\\Work\\PanelBuilder\\panel_builder_pyqt\\src\\main\\python\\reports\\BOM_Report.xlsx'
