INFO:root:Database : PBJobDB20200110171526 connected
INFO:root:Database : PBJobDB20200110171705 connected
INFO:root:Database : PBJobDB20200110172226 connected
INFO:root:Database : PBJobDB20200110172731 connected
INFO:root:Database : PBJobDB20200110173006 connected
INFO:root:Database : PBJobDB20200110173249 connected
INFO:root:Database : PBJobDB20200110173549 connected
INFO:root:Database : PBJobDB20200110173753 connected
INFO:root:Database : PBJobDB20200110173913 connected
INFO:root:Database : PBJobDB20200110174053 connected
INFO:root:Database : PBJobDB20200110211406 connected
INFO:root:Database : PBJobDB20200110212141 connected
INFO:root:Database : PBJobDB20200110212301 connected
INFO:root:Database : PBJobDB20200110212911 connected
INFO:root:Database : PBJobDB20200110213016 connected
INFO:root:Database : PBJobDB20200110213415 connected
DEBUG:root:('42000', '[42000] [Microsoft][SQL Server Native Client 10.0][SQL Server]Unable to open the physical file "D:\\Jobs\\246728_TXSU_Chemistry_Bldg_Reno\\MDT\\JobDB.mdf". Operating system error 32: "32(The process cannot access the file because it is being used by another process.)". (5120) (SQLExecDirectW)')
DEBUG:root:('42000', '[42000] [Microsoft][SQL Server Native Client 10.0][SQL Server]Unable to open the physical file "D:\\Jobs\\246728_TXSU_Chemistry_Bldg_Reno\\MDT\\JobDB.mdf". Operating system error 32: "32(The process cannot access the file because it is being used by another process.)". (5120) (SQLExecDirectW)')
INFO:root:Database : PBJobDB20200110214509 connected
INFO:root:Database : PBJobDB20200110214916 connected
DEBUG:root:('42000', '[42000] [Microsoft][SQL Server Native Client 10.0][SQL Server]Unable to open the physical file "D:\\Jobs\\246728_TXSU_Chemistry_Bldg_Reno\\MDT\\JobDB.mdf". Operating system error 32: "32(The process cannot access the file because it is being used by another process.)". (5120) (SQLExecDirectW)')
INFO:root:Database : PBJobDB20200110215227 connected
INFO:root:Database : PBJobDB20200110215612 connected
INFO:root:Database : PBJobDB20200110220052 connected
INFO:root:Database : PBJobDB connected
INFO:root:Database : PBJobDB20200110220259 connected
INFO:root:Database name: PBJobDB20200110220259 is already connected. It will be disconnected to prevent errors
INFO:root:Database PBJobDB20200110220259 removed
INFO:root:Database : PBJobDB20200110220259 connected
DEBUG:root:('42000', '[42000] [Microsoft][SQL Server Native Client 10.0][SQL Server]Unable to open the physical file "D:\\Jobs\\246728_TXSU_Chemistry_Bldg_Reno\\MDT\\JobDB.mdf". Operating system error 32: "32(The process cannot access the file because it is being used by another process.)". (5120) (SQLExecDirectW)')
DEBUG:root:('42000', '[42000] [Microsoft][SQL Server Native Client 10.0][SQL Server]Unable to open the physical file "D:\\Jobs\\246728_TXSU_Chemistry_Bldg_Reno\\MDT\\JobDB.mdf". Operating system error 32: "32(The process cannot access the file because it is being used by another process.)". (5120) (SQLExecDirectW)')
DEBUG:root:'SQLHandling' object has no attribute 'check_file_used'
DEBUG:root:local variable 'existing_database_name' referenced before assignment
INFO:root:Database : PBJobDB connected
DEBUG:root:('42000', "[42000] [Microsoft][SQL Server Native Client 10.0][SQL Server]Database 'PBJobDB' already exists. Choose a different database name. (1801) (SQLExecDirectW)")
DEBUG:root:('42000', "[42000] [Microsoft][SQL Server Native Client 10.0][SQL Server]Database 'PBJobDB' already exists. Choose a different database name. (1801) (SQLExecDirectW)")
INFO:root:Database name: PBJobDB is already in use. A new name PBJobDB20200111130658 will be used
INFO:root:Database : PBJobDB20200111130658 connected
INFO:root:Database name: PBJobDB is already in use. A new name PBJobDB20200111131132 will be used
DEBUG:root:('42000', '[42000] [Microsoft][SQL Server Native Client 10.0][SQL Server]Unable to open the physical file "C:\\Users\\z003vrzk\\.spyder-py3\\Scripts\\Work\\PanelBuilder\\SQLTest\\JobDB.mdf". Operating system error 2: "2(The system cannot find the file specified.)". (5120) (SQLExecDirectW)')
INFO:root:File name: D:\Jobs\246728_TXSU_Chemistry_Bldg_Reno\MDT\JobDB.mdf is already in use. Connect to existingdatabase instead
DEBUG:root:('42000', '[42000] [Microsoft][SQL Server Native Client 10.0][SQL Server]Unable to open the physical file "C:\\Users\\z003vrzk\\.spyder-py3\\Scripts\\Work\\PanelBuilder\\SQLTest\\JobDB.mdf". Operating system error 2: "2(The system cannot find the file specified.)". (5120) (SQLExecDirectW)')
INFO:root:Database : PBJobDB connected
INFO:root:Execution failed on sql 'select top(10) *
from PBJobDB': ('42S02', "[42S02] [Microsoft][SQL Server Native Client 10.0][SQL Server]Invalid object name 'PBJobDB'. (208) (SQLExecDirectW)")
INFO:root:File name: D:\Jobs\246728_TXSU_Chemistry_Bldg_Reno\MDT\JobDB.mdf is already in use. Connect to existingdatabase instead
INFO:root:File name: D:\Jobs\246728_TXSU_Chemistry_Bldg_Reno\MDT\JobDB.mdf is already in use. Connect to existingdatabase instead
INFO:root:File name: D:\Jobs\246728_TXSU_Chemistry_Bldg_Reno\MDT\JobDB.mdf is already in use. Connect to existingdatabase instead
INFO:root:File name: D:\Jobs\246728_TXSU_Chemistry_Bldg_Reno\MDT\JobDB.mdf is already in use. Connect to existingdatabase instead
INFO:root:File name: D:\Jobs\246728_TXSU_Chemistry_Bldg_Reno\MDT\JobDB.mdf is already in use. Connect to existingdatabase instead
INFO:root:File name: D:\Jobs\246728_TXSU_Chemistry_Bldg_Reno\MDT\JobDB.mdf is already in use. Connect to existingdatabase instead
INFO:root:File name: D:\Jobs\246728_TXSU_Chemistry_Bldg_Reno\MDT\JobDB.mdf is already in use. Connect to existingdatabase instead
INFO:root:File name: D:\Jobs\246728_TXSU_Chemistry_Bldg_Reno\MDT\JobDB.mdf is already in use. Connect to existingdatabase instead
INFO:root:File name: D:\Jobs\246728_TXSU_Chemistry_Bldg_Reno\MDT\JobDB.mdf is already in use. Connect to existingdatabase instead
INFO:root:File name: D:\Jobs\246728_TXSU_Chemistry_Bldg_Reno\MDT\JobDB.mdf is already in use. Connect to existingdatabase instead
INFO:root:File name: D:\Jobs\246728_TXSU_Chemistry_Bldg_Reno\MDT\JobDB.mdf is already in use. Connect to existingdatabase instead
INFO:root:File name: D:\Jobs\246728_TXSU_Chemistry_Bldg_Reno\MDT\JobDB.mdf is already in use. Connect to existingdatabase instead
INFO:root:File name: D:\Jobs\246728_TXSU_Chemistry_Bldg_Reno\MDT\JobDB.mdf is already in use. Connect to existingdatabase instead
INFO:root:File name: D:\Jobs\246728_TXSU_Chemistry_Bldg_Reno\MDT\JobDB.mdf is already in use. Connect to existingdatabase instead
INFO:root:File name: D:\Jobs\246728_TXSU_Chemistry_Bldg_Reno\MDT\JobDB.mdf is already in use. Connect to existingdatabase instead
INFO:root:File name: D:\Jobs\246728_TXSU_Chemistry_Bldg_Reno\MDT\JobDB.mdf is already in use. Connect to existingdatabase instead
INFO:root:File name: D:\Jobs\246728_TXSU_Chemistry_Bldg_Reno\MDT\JobDB.mdf is already in use. Connect to existingdatabase instead
INFO:root:File name: D:\Jobs\246728_TXSU_Chemistry_Bldg_Reno\MDT\JobDB.mdf is already in use. Connect to existingdatabase instead
INFO:root:File name: D:\Jobs\246728_TXSU_Chemistry_Bldg_Reno\MDT\JobDB.mdf is already in use. Connect to existingdatabase instead
INFO:root:File name: D:\Jobs\246728_TXSU_Chemistry_Bldg_Reno\MDT\JobDB.mdf is already in use. Connect to existingdatabase instead
INFO:root:Database name: PBJobDB is already in use. A new name PBJobDB20200111175416 will be used
INFO:root:Database : PBJobDB20200111175416 connected
INFO:root:File name: D:\Jobs\245597_BAU_TFC_JHW_DM\Design Tool\MDT\JobDB.mdf is already in use. Connect to existingdatabase instead
INFO:root:File name: D:\Jobs\246728_TXSU_Chemistry_Bldg_Reno\MDT\JobDB.mdf is already in use. Connect to existingdatabase instead
INFO:root:File name: D:\Jobs\245597_BAU_TFC_JHW_DM\Design Tool\MDT\JobDB.mdf is already in use. Connect to existingdatabase instead
INFO:root:File name: D:\Jobs\245597_BAU_TFC_JHW_DM\Design Tool\MDT\JobDB.mdf is already in use. Connect to existingdatabase instead
INFO:root:File name: D:\Jobs\246728_TXSU_Chemistry_Bldg_Reno\MDT\JobDB.mdf is already in use. Connect to existingdatabase instead
INFO:root:File name: D:\Jobs\246728_TXSU_Chemistry_Bldg_Reno\MDT\JobDB.mdf is already in use. Connect to existingdatabase instead
INFO:root:File name: D:\Jobs\246728_TXSU_Chemistry_Bldg_Reno\MDT\JobDB.mdf is already in use. Connect to existingdatabase instead
INFO:root:File name: D:\Jobs\246728_TXSU_Chemistry_Bldg_Reno\MDT\JobDB.mdf is already in use. Connect to existingdatabase instead
INFO:root:File name: D:\Jobs\246728_TXSU_Chemistry_Bldg_Reno\MDT\JobDB.mdf is already in use. Connect to existingdatabase instead
INFO:root:File name: D:\Jobs\245597_BAU_TFC_JHW_DM\Design Tool\MDT\JobDB.mdf is already in use. Connect to existingdatabase instead
INFO:root:File name: D:\Jobs\246728_TXSU_Chemistry_Bldg_Reno\MDT\JobDB.mdf is already in use. Connect to existingdatabase instead
INFO:root:File name: D:\Jobs\246728_TXSU_Chemistry_Bldg_Reno\MDT\JobDB.mdf is already in use. Connect to existingdatabase instead
INFO:root:File name: D:\Jobs\246728_TXSU_Chemistry_Bldg_Reno\MDT\JobDB.mdf is already in use. Connect to existingdatabase instead
INFO:root:File name: D:\Jobs\246728_TXSU_Chemistry_Bldg_Reno\MDT\JobDB.mdf is already in use. Connect to existingdatabase instead
INFO:root:File name: D:\Jobs\246728_TXSU_Chemistry_Bldg_Reno\MDT\JobDB.mdf is already in use. Connect to existingdatabase instead
INFO:root:File name: D:\Jobs\246728_TXSU_Chemistry_Bldg_Reno\MDT\JobDB.mdf is already in use. Connect to existingdatabase instead
INFO:root:File name: D:\Jobs\246728_TXSU_Chemistry_Bldg_Reno\MDT\JobDB.mdf is already in use. Connect to existingdatabase instead
INFO:root:File name: D:\Jobs\246728_TXSU_Chemistry_Bldg_Reno\MDT\JobDB.mdf is already in use. Connect to existingdatabase instead
INFO:root:File name: D:\Jobs\246728_TXSU_Chemistry_Bldg_Reno\MDT\JobDB.mdf is already in use. Connect to existingdatabase instead
INFO:root:File name: D:\Jobs\246728_TXSU_Chemistry_Bldg_Reno\MDT\JobDB.mdf is already in use. Connect to existingdatabase instead
INFO:root:File name: D:\Jobs\246728_TXSU_Chemistry_Bldg_Reno\MDT\JobDB.mdf is already in use. Connect to existingdatabase instead
INFO:root:File name: D:\Jobs\246728_TXSU_Chemistry_Bldg_Reno\MDT\JobDB.mdf is already in use. Connect to existingdatabase instead
INFO:root:File name: D:\Jobs\246728_TXSU_Chemistry_Bldg_Reno\MDT\JobDB.mdf is already in use. Connect to existingdatabase instead
INFO:root:File name: D:\Jobs\246728_TXSU_Chemistry_Bldg_Reno\MDT\JobDB.mdf is already in use. Connect to existingdatabase instead
INFO:root:File name: D:\Jobs\246728_TXSU_Chemistry_Bldg_Reno\MDT\JobDB.mdf is already in use. Connect to existingdatabase instead
INFO:root:File name: D:\Jobs\246728_TXSU_Chemistry_Bldg_Reno\MDT\JobDB.mdf is already in use. Connect to existingdatabase instead
INFO:root:File name: D:\Jobs\246728_TXSU_Chemistry_Bldg_Reno\MDT\JobDB.mdf is already in use. Connect to existingdatabase instead
DEBUG:root:'BOMGenerator' object has no attribute 'unique_systems'
INFO:root:File name: D:\Jobs\246728_TXSU_Chemistry_Bldg_Reno\MDT\JobDB.mdf is already in use. Connect to existingdatabase instead
DEBUG:root:get_unique_systems() takes 1 positional argument but 2 were given
INFO:root:File name: D:\Jobs\246728_TXSU_Chemistry_Bldg_Reno\MDT\JobDB.mdf is already in use. Connect to existingdatabase instead
DEBUG:root:[Errno 2] No such file or directory: 'C:\\Users\\z003vrzk\\.spyder-py3\\Scripts\\Work\\PanelBuilder\\panel_builder_pyqt\\src\\main\\python\\reports\\BOM_Report.xlsx'
2020-02-14 13:25:38,921 Database : PBJobDB connected
2020-03-26 15:45:15,014 Database : PBJobDB connected
2020-03-26 15:45:34,430 File name: C:\Users\z003vrzk\.spyder-py3\Scripts\Work\PanelBuilder\panel-builder\SQLTest\JHW\JobDB.mdf is already in use. Connect to existingdatabase instead
2020-03-26 15:46:21,299 File name: C:\Users\z003vrzk\.spyder-py3\Scripts\Work\PanelBuilder\panel-builder\SQLTest\JHW\JobDB.mdf is already in use. Connect to existingdatabase instead
2020-03-26 15:57:05,041 File name: C:\Users\z003vrzk\.spyder-py3\Scripts\Work\PanelBuilder\panel-builder\SQLTest\JHW\JobDB.mdf is already in use. Connect to existingdatabase instead
2020-03-26 18:49:20,883 File name: C:\Users\z003vrzk\.spyder-py3\Scripts\Work\PanelBuilder\panel-builder\SQLTest\JHW\JobDB.mdf is already in use. Connect to existingdatabase instead
2020-03-26 18:49:53,703 File name: C:\Users\z003vrzk\.spyder-py3\Scripts\Work\PanelBuilder\panel-builder\SQLTest\JHW\JobDB.mdf is already in use. Connect to existingdatabase instead
2020-03-26 18:51:19,747 File name: C:\Users\z003vrzk\.spyder-py3\Scripts\Work\PanelBuilder\panel-builder\SQLTest\JHW\JobDB.mdf is already in use. Connect to existingdatabase instead
2020-03-26 18:51:39,291 File name: C:\Users\z003vrzk\.spyder-py3\Scripts\Work\PanelBuilder\panel-builder\SQLTest\JHW\JobDB.mdf is already in use. Connect to existingdatabase instead
2020-03-26 18:52:07,523 File name: C:\Users\z003vrzk\.spyder-py3\Scripts\Work\PanelBuilder\panel-builder\SQLTest\JHW\JobDB.mdf is already in use. Connect to existingdatabase instead
2020-03-26 18:56:29,831 File name: C:\Users\z003vrzk\.spyder-py3\Scripts\Work\PanelBuilder\panel-builder\SQLTest\JHW\JobDB.mdf is already in use. Connect to existingdatabase instead
2020-03-26 18:58:06,514 File name: C:\Users\z003vrzk\.spyder-py3\Scripts\Work\PanelBuilder\panel-builder\SQLTest\JHW\JobDB.mdf is already in use. Connect to existingdatabase instead
2020-03-26 19:00:39,353 File name: C:\Users\z003vrzk\.spyder-py3\Scripts\Work\PanelBuilder\panel-builder\SQLTest\JHW\JobDB.mdf is already in use. Connect to existingdatabase instead
2020-03-26 19:01:20,328 File name: C:\Users\z003vrzk\.spyder-py3\Scripts\Work\PanelBuilder\panel-builder\SQLTest\JHW\JobDB.mdf is already in use. Connect to existingdatabase instead
2020-03-26 19:03:37,278 File name: C:\Users\z003vrzk\.spyder-py3\Scripts\Work\PanelBuilder\panel-builder\SQLTest\JHW\JobDB.mdf is already in use. Connect to existingdatabase instead
2020-03-26 19:08:42,009 File name: C:\Users\z003vrzk\.spyder-py3\Scripts\Work\PanelBuilder\panel-builder\SQLTest\JHW\JobDB.mdf is already in use. Connect to existingdatabase instead
2020-03-26 19:08:48,574 File name: C:\Users\z003vrzk\.spyder-py3\Scripts\Work\PanelBuilder\panel-builder\SQLTest\JHW\JobDB.mdf is already in use. Connect to existingdatabase instead
2020-03-26 19:11:40,544 File name: C:\Users\z003vrzk\.spyder-py3\Scripts\Work\PanelBuilder\panel-builder\SQLTest\JHW\JobDB.mdf is already in use. Connect to existingdatabase instead
2020-03-26 19:12:39,165 File name: C:\Users\z003vrzk\.spyder-py3\Scripts\Work\PanelBuilder\panel-builder\SQLTest\JHW\JobDB.mdf is already in use. Connect to existingdatabase instead
2020-03-26 19:15:16,188 File name: C:\Users\z003vrzk\.spyder-py3\Scripts\Work\PanelBuilder\panel-builder\SQLTest\JHW\JobDB.mdf is already in use. Connect to existingdatabase instead
2020-03-26 19:19:05,604 File name: C:\Users\z003vrzk\.spyder-py3\Scripts\Work\PanelBuilder\panel-builder\SQLTest\JHW\JobDB.mdf is already in use. Connect to existingdatabase instead
2020-04-14 12:03:56,325 File name: D:\Jobs\286916_BAU_ACC_Northridge_VAV_Lab_Upgrades\DesignTool\MDT\JobDB.mdf is already in use. Connect to existingdatabase instead
2020-04-14 12:18:53,492 File name: D:\Jobs\286916_BAU_ACC_Northridge_VAV_Lab_Upgrades\DesignTool\MDT\JobDB.mdf is already in use. Connect to existingdatabase instead
2020-04-14 12:42:31,561 Database name: PBJobDB is already in use. A new name PBJobDB20200414124231 will be used
2020-04-14 12:42:31,615 Database : PBJobDB20200414124231 connected
2020-04-14 12:47:22,365 File name: D:\Jobs\286916_BAU_ACC_Northridge_VAV_Lab_Upgrades\DesignTool\MDT\JobDB.mdf is already in use. Connect to existingdatabase instead
2020-04-14 13:01:12,361 File name: D:\Jobs\286916_BAU_ACC_Northridge_VAV_Lab_Upgrades\DesignTool\MDT\JobDB.mdf is already in use. Connect to existingdatabase instead
2020-05-11 08:14:18,373 File name: D:\Jobs\255709_BAU_TFC_CSB_Plant\MDT\JobDB.mdf is already in use. Connect to existingdatabase instead
2020-05-28 13:56:52,974 File name: D:\Jobs\278136_BAU_ABIA_IT_Bldg\DesignTool\MDT\JobDB.mdf is already in use
Connect to existing database instead
Existing Database : JobDB05282020105031
2020-05-28 13:56:52,975 File name: {} is already in use
Connect to existing database instead
Existing Database : JobDB05282020105031
2020-05-28 14:10:09,039 File name: D:\Jobs\278136_BAU_ABIA_IT_Bldg\DesignTool\MDT\JobDB.mdf is already in use
Connect to existing database instead
Existing Database : JobDB05282020105031
2020-05-28 14:10:09,039 File name: {} is already in use
Connect to existing database instead
Existing Database : JobDB05282020105031
2020-06-01 15:40:27,400 [Errno 13] Permission denied: 'C:\\Users\\z003vrzk\\AppData\\Local\\Temp\\gen_py\\3.6\\dicts.dat'
2020-06-17 15:59:22,407 [Errno 13] Permission denied: 'C:\\Users\\z003vrzk\\.spyder-py3\\Scripts\\Work\\PanelBuilder\\panel-builder\\panel_builder_pyqt\\src\\main\\python\\reports\\BOM_Report.xlsx'
2020-06-17 15:59:40,156 name 'event' is not defined
2020-06-17 16:17:57,043 name 'QmessageBox' is not defined
2020-06-17 16:21:19,332 name 'QmessageBox' is not defined
2020-06-18 07:12:55,491 ('28000', '[28000] [Microsoft][SQL Server Native Client 10.0][SQL Server]Login failed for user \'AD001\\z003vrzk\'. (18456) (SQLDriverConnect); [28000] [Microsoft][SQL Server Native Client 10.0][SQL Server]Cannot open database "PBJobDB" requested by the login. The login failed. (4060); [28000] [Microsoft][SQL Server Native Client 10.0][SQL Server]Login failed for user \'AD001\\z003vrzk\'. (18456); [28000] [Microsoft][SQL Server Native Client 10.0][SQL Server]Cannot open database "PBJobDB" requested by the login. The login failed. (4060)')
2020-06-18 07:14:14,028 ('28000', '[28000] [Microsoft][SQL Server Native Client 10.0][SQL Server]Login failed for user \'AD001\\z003vrzk\'. (18456) (SQLDriverConnect); [28000] [Microsoft][SQL Server Native Client 10.0][SQL Server]Cannot open database "PBJobDB" requested by the login. The login failed. (4060); [28000] [Microsoft][SQL Server Native Client 10.0][SQL Server]Login failed for user \'AD001\\z003vrzk\'. (18456); [28000] [Microsoft][SQL Server Native Client 10.0][SQL Server]Cannot open database "PBJobDB" requested by the login. The login failed. (4060)')
2020-06-18 07:18:30,602 ('28000', '[28000] [Microsoft][SQL Server Native Client 10.0][SQL Server]Login failed for user \'AD001\\z003vrzk\'. (18456) (SQLDriverConnect); [28000] [Microsoft][SQL Server Native Client 10.0][SQL Server]Cannot open database "PBJobDB" requested by the login. The login failed. (4060); [28000] [Microsoft][SQL Server Native Client 10.0][SQL Server]Login failed for user \'AD001\\z003vrzk\'. (18456); [28000] [Microsoft][SQL Server Native Client 10.0][SQL Server]Cannot open database "PBJobDB" requested by the login. The login failed. (4060)')
2020-06-18 07:21:24,004 Database : PBJobDB connected
2020-06-18 07:21:45,330 Database : PBJobDB0618072145 connected
2020-06-18 07:50:05,340 ('42000', "[42000] [Microsoft][SQL Server Native Client 10.0][SQL Server]A file activation error occurred. The physical file name 'None' may be incorrect. Diagnose and correct additional errors, and retry the operation. (5105) (SQLExecDirectW)")
